<?xml version="1.0" encoding="UTF-8"?>
<!-- Generated by org.testng.reporters.JUnitXMLReporter -->
<testsuite ignored="0" hostname="DESKTOP-IC2FL8D" failures="0" tests="3" name="Default test" time="9.434" errors="0" timestamp="2024-10-05T14:55:09 IST">
  <testcase classname="dataProvider.data_provider1" name="test1" time="3.326"/>
  <testcase classname="dataProvider.data_provider1" name="test1" time="2.96"/>
  <testcase classname="dataProvider.data_provider1" name="test1" time="3.096"/>
</testsuite> <!-- Default test -->
