<?xml version="1.0" encoding="UTF-8"?>
<!-- Generated by org.testng.reporters.JUnitXMLReporter -->
<testsuite ignored="0" hostname="DESKTOP-IC2FL8D" failures="0" tests="4" name="Test" time="16.725" errors="0" timestamp="2024-09-23T12:44:59 IST">
  <testcase classname="testFrameworkss.testscript4" name="runScript2" time="2.667"/>
  <testcase classname="testFrameworkss.testscript4" name="runScript3" time="1.225"/>
  <testcase classname="testFrameworkss.testscript3" name="runScript" time="0.26"/>
  <testcase classname="testFrameworkss.testscript3" name="runscript1" time="2.093"/>
</testsuite> <!-- Test -->
